TN:
SF:src/controllers/transaction/delete-transaction.js
FN:6,DeleteTransactionController
FN:10,execute
FNF:2
FNH:2
FNDA:4,DeleteTransactionController
FNDA:4,execute
DA:1,1
DA:2,1
DA:3,1
DA:4,1
DA:5,1
DA:6,1
DA:7,4
DA:8,4
DA:9,1
DA:10,1
DA:11,4
DA:12,4
DA:13,4
DA:14,4
DA:15,1
DA:16,1
DA:17,1
DA:18,3
DA:19,3
DA:20,3
DA:21,3
DA:22,3
DA:23,2
DA:24,2
DA:25,2
DA:26,4
DA:27,1
DA:28,1
DA:29,1
DA:30,1
DA:31,1
DA:32,1
DA:33,1
DA:34,1
DA:35,1
DA:36,4
DA:37,1
LF:37
LH:37
BRDA:6,0,0,4
BRDA:10,1,0,4
BRDA:14,2,0,1
BRDA:17,3,0,3
BRDA:23,4,0,2
BRDA:26,5,0,1
BRF:6
BRH:6
end_of_record
