TN:
SF:src/controllers/transaction/get-transactions-by-user-id.js
FN:12,GetTransactionsByUserIdController
FN:15,execute
FNF:2
FNH:2
FNDA:5,GetTransactionsByUserIdController
FNDA:5,execute
DA:1,1
DA:2,1
DA:3,1
DA:4,1
DA:5,1
DA:6,1
DA:7,1
DA:8,1
DA:9,1
DA:10,1
DA:11,1
DA:12,1
DA:13,5
DA:14,5
DA:15,1
DA:16,5
DA:17,5
DA:18,5
DA:19,5
DA:20,1
DA:21,1
DA:22,4
DA:23,4
DA:24,5
DA:25,1
DA:26,1
DA:27,3
DA:28,3
DA:29,3
DA:30,3
DA:31,3
DA:32,1
DA:33,1
DA:34,1
DA:35,1
DA:36,5
DA:37,2
DA:38,2
DA:39,2
DA:40,1
DA:41,1
DA:42,1
DA:43,1
DA:44,5
DA:45,1
LF:45
LH:45
BRDA:12,0,0,5
BRDA:15,1,0,5
BRDA:19,2,0,1
BRDA:21,3,0,4
BRDA:24,4,0,1
BRDA:26,5,0,3
BRDA:32,6,0,1
BRDA:36,7,0,2
BRDA:39,8,0,1
BRF:9
BRH:9
end_of_record
TN:
SF:src/errors/user.js
FN:3,EmailAlreadyInUseError
FN:11,UserNotFoundError
FNF:2
FNH:1
FNDA:0,EmailAlreadyInUseError
FNDA:1,UserNotFoundError
DA:1,1
DA:2,1
DA:3,1
DA:4,0
DA:5,0
DA:6,0
DA:7,1
DA:8,1
DA:9,1
DA:10,1
DA:11,1
DA:12,1
DA:13,1
DA:14,1
DA:15,1
LF:15
LH:12
BRDA:11,0,0,1
BRF:1
BRH:1
end_of_record
